<?xml version="1.0" encoding="UTF-8"?>
<testsuite xmlns:xsi="http://www.w3.org/2001/XMLSchema-instance" xsi:noNamespaceSchemaLocation="https://maven.apache.org/surefire/maven-surefire-plugin/xsd/surefire-test-report-3.0.xsd" version="3.0" name="util.unittest.BubbleSortLargeArraysTest" time="19.704" tests="200" errors="0" skipped="0" failures="0">
  <properties>
[...]
</properties>
  <testcase name="bubbleSortLeavesArraySorted[0]" classname="util.unittest.BubbleSortLargeArraysTest" time="0"/>
  <testcase name="bubbleSortSortsCorrectly[0]" classname="util.unittest.BubbleSortLargeArraysTest" time="0"/>
  <testcase name="bubbleSortLeavesArraySorted[1]" classname="util.unittest.BubbleSortLargeArraysTest" time="0.001"/>
  <testcase name="bubbleSortSortsCorrectly[1]" classname="util.unittest.BubbleSortLargeArraysTest" time="0"/>
  <testcase name="bubbleSortLeavesArraySorted[2]" classname="util.unittest.BubbleSortLargeArraysTest" time="0.002"/>
  <testcase name="bubbleSortSortsCorrectly[2]" classname="util.unittest.BubbleSortLargeArraysTest" time="0"/>
  <testcase name="bubbleSortLeavesArraySorted[3]" classname="util.unittest.BubbleSortLargeArraysTest" time="0.004"/>
  <testcase name="bubbleSortSortsCorrectly[3]" classname="util.unittest.BubbleSortLargeArraysTest" time="0"/>
  <testcase name="bubbleSortLeavesArraySorted[4]" classname="util.unittest.BubbleSortLargeArraysTest" time="0.003"/>
  <testcase name="bubbleSortSortsCorrectly[4]" classname="util.unittest.BubbleSortLargeArraysTest" time="0.001"/>
  <testcase name="bubbleSortLeavesArraySorted[5]" classname="util.unittest.BubbleSortLargeArraysTest" time="0.004"/>
  <testcase name="bubbleSortSortsCorrectly[5]" classname="util.unittest.BubbleSortLargeArraysTest" time="0"/>
  <testcase name="bubbleSortLeavesArraySorted[6]" classname="util.unittest.BubbleSortLargeArraysTest" time="0.007"/>
  <testcase name="bubbleSortSortsCorrectly[6]" classname="util.unittest.BubbleSortLargeArraysTest" time="0"/>
  <testcase name="bubbleSortLeavesArraySorted[7]" classname="util.unittest.BubbleSortLargeArraysTest" time="0.008"/>
  <testcase name="bubbleSortSortsCorrectly[7]" classname="util.unittest.BubbleSortLargeArraysTest" time="0"/>
  <testcase name="bubbleSortLeavesArraySorted[8]" classname="util.unittest.BubbleSortLargeArraysTest" time="0.006"/>
  <testcase name="bubbleSortSortsCorrectly[8]" classname="util.unittest.BubbleSortLargeArraysTest" time="0"/>
  <testcase name="bubbleSortLeavesArraySorted[9]" classname="util.unittest.BubbleSortLargeArraysTest" time="0.008"/>
  <testcase name="bubbleSortSortsCorrectly[9]" classname="util.unittest.BubbleSortLargeArraysTest" time="0"/>
  <testcase name="bubbleSortLeavesArraySorted[10]" classname="util.unittest.BubbleSortLargeArraysTest" time="0.008"/>
  <testcase name="bubbleSortSortsCorrectly[10]" classname="util.unittest.BubbleSortLargeArraysTest" time="0"/>
  <testcase name="bubbleSortLeavesArraySorted[11]" classname="util.unittest.BubbleSortLargeArraysTest" time="0.008"/>
  <testcase name="bubbleSortSortsCorrectly[11]" classname="util.unittest.BubbleSortLargeArraysTest" time="0"/>
  <testcase name="bubbleSortLeavesArraySorted[12]" classname="util.unittest.BubbleSortLargeArraysTest" time="0.009"/>
  <testcase name="bubbleSortSortsCorrectly[12]" classname="util.unittest.BubbleSortLargeArraysTest" time="0"/>
  <testcase name="bubbleSortLeavesArraySorted[13]" classname="util.unittest.BubbleSortLargeArraysTest" time="0.01"/>
  <testcase name="bubbleSortSortsCorrectly[13]" classname="util.unittest.BubbleSortLargeArraysTest" time="0"/>
  <testcase name="bubbleSortLeavesArraySorted[14]" classname="util.unittest.BubbleSortLargeArraysTest" time="0.012"/>
  <testcase name="bubbleSortSortsCorrectly[14]" classname="util.unittest.BubbleSortLargeArraysTest" time="0"/>
  <testcase name="bubbleSortLeavesArraySorted[15]" classname="util.unittest.BubbleSortLargeArraysTest" time="0.012"/>
  <testcase name="bubbleSortSortsCorrectly[15]" classname="util.unittest.BubbleSortLargeArraysTest" time="0"/>
  <testcase name="bubbleSortLeavesArraySorted[16]" classname="util.unittest.BubbleSortLargeArraysTest" time="0.016"/>
  <testcase name="bubbleSortSortsCorrectly[16]" classname="util.unittest.BubbleSortLargeArraysTest" time="0"/>
  <testcase name="bubbleSortLeavesArraySorted[17]" classname="util.unittest.BubbleSortLargeArraysTest" time="0.016"/>
  <testcase name="bubbleSortSortsCorrectly[17]" classname="util.unittest.BubbleSortLargeArraysTest" time="0"/>
  <testcase name="bubbleSortLeavesArraySorted[18]" classname="util.unittest.BubbleSortLargeArraysTest" time="0.021"/>
  <testcase name="bubbleSortSortsCorrectly[18]" classname="util.unittest.BubbleSortLargeArraysTest" time="0"/>
  <testcase name="bubbleSortLeavesArraySorted[19]" classname="util.unittest.BubbleSortLargeArraysTest" time="0.026"/>
  <testcase name="bubbleSortSortsCorrectly[19]" classname="util.unittest.BubbleSortLargeArraysTest" time="0"/>
  <testcase name="bubbleSortLeavesArraySorted[20]" classname="util.unittest.BubbleSortLargeArraysTest" time="0.029"/>
  <testcase name="bubbleSortSortsCorrectly[20]" classname="util.unittest.BubbleSortLargeArraysTest" time="0"/>
  <testcase name="bubbleSortLeavesArraySorted[21]" classname="util.unittest.BubbleSortLargeArraysTest" time="0.038"/>
  <testcase name="bubbleSortSortsCorrectly[21]" classname="util.unittest.BubbleSortLargeArraysTest" time="0"/>
  <testcase name="bubbleSortLeavesArraySorted[22]" classname="util.unittest.BubbleSortLargeArraysTest" time="0.036"/>
  <testcase name="bubbleSortSortsCorrectly[22]" classname="util.unittest.BubbleSortLargeArraysTest" time="0"/>
  <testcase name="bubbleSortLeavesArraySorted[23]" classname="util.unittest.BubbleSortLargeArraysTest" time="0.042"/>
  <testcase name="bubbleSortSortsCorrectly[23]" classname="util.unittest.BubbleSortLargeArraysTest" time="0"/>
  <testcase name="bubbleSortLeavesArraySorted[24]" classname="util.unittest.BubbleSortLargeArraysTest" time="0.049"/>
  <testcase name="bubbleSortSortsCorrectly[24]" classname="util.unittest.BubbleSortLargeArraysTest" time="0"/>
  <testcase name="bubbleSortLeavesArraySorted[25]" classname="util.unittest.BubbleSortLargeArraysTest" time="0.048"/>
  <testcase name="bubbleSortSortsCorrectly[25]" classname="util.unittest.BubbleSortLargeArraysTest" time="0.001"/>
  <testcase name="bubbleSortLeavesArraySorted[26]" classname="util.unittest.BubbleSortLargeArraysTest" time="0.05"/>
  <testcase name="bubbleSortSortsCorrectly[26]" classname="util.unittest.BubbleSortLargeArraysTest" time="0"/>
  <testcase name="bubbleSortLeavesArraySorted[27]" classname="util.unittest.BubbleSortLargeArraysTest" time="0.039"/>
  <testcase name="bubbleSortSortsCorrectly[27]" classname="util.unittest.BubbleSortLargeArraysTest" time="0"/>
  <testcase name="bubbleSortLeavesArraySorted[28]" classname="util.unittest.BubbleSortLargeArraysTest" time="0.059"/>
  <testcase name="bubbleSortSortsCorrectly[28]" classname="util.unittest.BubbleSortLargeArraysTest" time="0"/>
  <testcase name="bubbleSortLeavesArraySorted[29]" classname="util.unittest.BubbleSortLargeArraysTest" time="0.058"/>
  <testcase name="bubbleSortSortsCorrectly[29]" classname="util.unittest.BubbleSortLargeArraysTest" time="0"/>
  <testcase name="bubbleSortLeavesArraySorted[30]" classname="util.unittest.BubbleSortLargeArraysTest" time="0.052"/>
  <testcase name="bubbleSortSortsCorrectly[30]" classname="util.unittest.BubbleSortLargeArraysTest" time="0"/>
  <testcase name="bubbleSortLeavesArraySorted[31]" classname="util.unittest.BubbleSortLargeArraysTest" time="0.056"/>
  <testcase name="bubbleSortSortsCorrectly[31]" classname="util.unittest.BubbleSortLargeArraysTest" time="0"/>
  <testcase name="bubbleSortLeavesArraySorted[32]" classname="util.unittest.BubbleSortLargeArraysTest" time="0.065"/>
  <testcase name="bubbleSortSortsCorrectly[32]" classname="util.unittest.BubbleSortLargeArraysTest" time="0.001"/>
  <testcase name="bubbleSortLeavesArraySorted[33]" classname="util.unittest.BubbleSortLargeArraysTest" time="0.061"/>
  <testcase name="bubbleSortSortsCorrectly[33]" classname="util.unittest.BubbleSortLargeArraysTest" time="0"/>
  <testcase name="bubbleSortLeavesArraySorted[34]" classname="util.unittest.BubbleSortLargeArraysTest" time="0.063"/>
  <testcase name="bubbleSortSortsCorrectly[34]" classname="util.unittest.BubbleSortLargeArraysTest" time="0"/>
  <testcase name="bubbleSortLeavesArraySorted[35]" classname="util.unittest.BubbleSortLargeArraysTest" time="0.078"/>
  <testcase name="bubbleSortSortsCorrectly[35]" classname="util.unittest.BubbleSortLargeArraysTest" time="0"/>
  <testcase name="bubbleSortLeavesArraySorted[36]" classname="util.unittest.BubbleSortLargeArraysTest" time="0.127"/>
  <testcase name="bubbleSortSortsCorrectly[36]" classname="util.unittest.BubbleSortLargeArraysTest" time="0"/>
  <testcase name="bubbleSortLeavesArraySorted[37]" classname="util.unittest.BubbleSortLargeArraysTest" time="0.163"/>
  <testcase name="bubbleSortSortsCorrectly[37]" classname="util.unittest.BubbleSortLargeArraysTest" time="0"/>
  <testcase name="bubbleSortLeavesArraySorted[38]" classname="util.unittest.BubbleSortLargeArraysTest" time="0.145"/>
  <testcase name="bubbleSortSortsCorrectly[38]" classname="util.unittest.BubbleSortLargeArraysTest" time="0"/>
  <testcase name="bubbleSortLeavesArraySorted[39]" classname="util.unittest.BubbleSortLargeArraysTest" time="0.155"/>
  <testcase name="bubbleSortSortsCorrectly[39]" classname="util.unittest.BubbleSortLargeArraysTest" time="0"/>
  <testcase name="bubbleSortLeavesArraySorted[40]" classname="util.unittest.BubbleSortLargeArraysTest" time="0.083"/>
  <testcase name="bubbleSortSortsCorrectly[40]" classname="util.unittest.BubbleSortLargeArraysTest" time="0"/>
  <testcase name="bubbleSortLeavesArraySorted[41]" classname="util.unittest.BubbleSortLargeArraysTest" time="0.095"/>
  <testcase name="bubbleSortSortsCorrectly[41]" classname="util.unittest.BubbleSortLargeArraysTest" time="0"/>
  <testcase name="bubbleSortLeavesArraySorted[42]" classname="util.unittest.BubbleSortLargeArraysTest" time="0.079"/>
  <testcase name="bubbleSortSortsCorrectly[42]" classname="util.unittest.BubbleSortLargeArraysTest" time="0"/>
  <testcase name="bubbleSortLeavesArraySorted[43]" classname="util.unittest.BubbleSortLargeArraysTest" time="0.103"/>
  <testcase name="bubbleSortSortsCorrectly[43]" classname="util.unittest.BubbleSortLargeArraysTest" time="0"/>
  <testcase name="bubbleSortLeavesArraySorted[44]" classname="util.unittest.BubbleSortLargeArraysTest" time="0.147"/>
  <testcase name="bubbleSortSortsCorrectly[44]" classname="util.unittest.BubbleSortLargeArraysTest" time="0.001"/>
  <testcase name="bubbleSortLeavesArraySorted[45]" classname="util.unittest.BubbleSortLargeArraysTest" time="0.162"/>
  <testcase name="bubbleSortSortsCorrectly[45]" classname="util.unittest.BubbleSortLargeArraysTest" time="0.001"/>
  <testcase name="bubbleSortLeavesArraySorted[46]" classname="util.unittest.BubbleSortLargeArraysTest" time="0.159"/>
  <testcase name="bubbleSortSortsCorrectly[46]" classname="util.unittest.BubbleSortLargeArraysTest" time="0"/>
  <testcase name="bubbleSortLeavesArraySorted[47]" classname="util.unittest.BubbleSortLargeArraysTest" time="0.22"/>
  <testcase name="bubbleSortSortsCorrectly[47]" classname="util.unittest.BubbleSortLargeArraysTest" time="0"/>
  <testcase name="bubbleSortLeavesArraySorted[48]" classname="util.unittest.BubbleSortLargeArraysTest" time="0.131"/>
  <testcase name="bubbleSortSortsCorrectly[48]" classname="util.unittest.BubbleSortLargeArraysTest" time="0"/>
  <testcase name="bubbleSortLeavesArraySorted[49]" classname="util.unittest.BubbleSortLargeArraysTest" time="0.124"/>
  <testcase name="bubbleSortSortsCorrectly[49]" classname="util.unittest.BubbleSortLargeArraysTest" time="0.001"/>
  <testcase name="bubbleSortLeavesArraySorted[50]" classname="util.unittest.BubbleSortLargeArraysTest" time="0.171"/>
  <testcase name="bubbleSortSortsCorrectly[50]" classname="util.unittest.BubbleSortLargeArraysTest" time="0"/>
  <testcase name="bubbleSortLeavesArraySorted[51]" classname="util.unittest.BubbleSortLargeArraysTest" time="0.163"/>
  <testcase name="bubbleSortSortsCorrectly[51]" classname="util.unittest.BubbleSortLargeArraysTest" time="0"/>
  <testcase name="bubbleSortLeavesArraySorted[52]" classname="util.unittest.BubbleSortLargeArraysTest" time="0.127"/>
  <testcase name="bubbleSortSortsCorrectly[52]" classname="util.unittest.BubbleSortLargeArraysTest" time="0.001"/>
  <testcase name="bubbleSortLeavesArraySorted[53]" classname="util.unittest.BubbleSortLargeArraysTest" time="0.134"/>
  <testcase name="bubbleSortSortsCorrectly[53]" classname="util.unittest.BubbleSortLargeArraysTest" time="0.001"/>
  <testcase name="bubbleSortLeavesArraySorted[54]" classname="util.unittest.BubbleSortLargeArraysTest" time="0.133"/>
  <testcase name="bubbleSortSortsCorrectly[54]" classname="util.unittest.BubbleSortLargeArraysTest" time="0"/>
  <testcase name="bubbleSortLeavesArraySorted[55]" classname="util.unittest.BubbleSortLargeArraysTest" time="0.143"/>
  <testcase name="bubbleSortSortsCorrectly[55]" classname="util.unittest.BubbleSortLargeArraysTest" time="0.001"/>
  <testcase name="bubbleSortLeavesArraySorted[56]" classname="util.unittest.BubbleSortLargeArraysTest" time="0.149"/>
  <testcase name="bubbleSortSortsCorrectly[56]" classname="util.unittest.BubbleSortLargeArraysTest" time="0"/>
  <testcase name="bubbleSortLeavesArraySorted[57]" classname="util.unittest.BubbleSortLargeArraysTest" time="0.147"/>
  <testcase name="bubbleSortSortsCorrectly[57]" classname="util.unittest.BubbleSortLargeArraysTest" time="0.001"/>
  <testcase name="bubbleSortLeavesArraySorted[58]" classname="util.unittest.BubbleSortLargeArraysTest" time="0.148"/>
  <testcase name="bubbleSortSortsCorrectly[58]" classname="util.unittest.BubbleSortLargeArraysTest" time="0"/>
  <testcase name="bubbleSortLeavesArraySorted[59]" classname="util.unittest.BubbleSortLargeArraysTest" time="0.192"/>
  <testcase name="bubbleSortSortsCorrectly[59]" classname="util.unittest.BubbleSortLargeArraysTest" time="0"/>
  <testcase name="bubbleSortLeavesArraySorted[60]" classname="util.unittest.BubbleSortLargeArraysTest" time="0.28"/>
  <testcase name="bubbleSortSortsCorrectly[60]" classname="util.unittest.BubbleSortLargeArraysTest" time="0"/>
  <testcase name="bubbleSortLeavesArraySorted[61]" classname="util.unittest.BubbleSortLargeArraysTest" time="0.301"/>
  <testcase name="bubbleSortSortsCorrectly[61]" classname="util.unittest.BubbleSortLargeArraysTest" time="0"/>
  <testcase name="bubbleSortLeavesArraySorted[62]" classname="util.unittest.BubbleSortLargeArraysTest" time="0.311"/>
  <testcase name="bubbleSortSortsCorrectly[62]" classname="util.unittest.BubbleSortLargeArraysTest" time="0"/>
  <testcase name="bubbleSortLeavesArraySorted[63]" classname="util.unittest.BubbleSortLargeArraysTest" time="0.269"/>
  <testcase name="bubbleSortSortsCorrectly[63]" classname="util.unittest.BubbleSortLargeArraysTest" time="0.001"/>
  <testcase name="bubbleSortLeavesArraySorted[64]" classname="util.unittest.BubbleSortLargeArraysTest" time="0.189"/>
  <testcase name="bubbleSortSortsCorrectly[64]" classname="util.unittest.BubbleSortLargeArraysTest" time="0"/>
  <testcase name="bubbleSortLeavesArraySorted[65]" classname="util.unittest.BubbleSortLargeArraysTest" time="0.197"/>
  <testcase name="bubbleSortSortsCorrectly[65]" classname="util.unittest.BubbleSortLargeArraysTest" time="0"/>
  <testcase name="bubbleSortLeavesArraySorted[66]" classname="util.unittest.BubbleSortLargeArraysTest" time="0.234"/>
  <testcase name="bubbleSortSortsCorrectly[66]" classname="util.unittest.BubbleSortLargeArraysTest" time="0.001"/>
  <testcase name="bubbleSortLeavesArraySorted[67]" classname="util.unittest.BubbleSortLargeArraysTest" time="0.433"/>
  <testcase name="bubbleSortSortsCorrectly[67]" classname="util.unittest.BubbleSortLargeArraysTest" time="0"/>
  <testcase name="bubbleSortLeavesArraySorted[68]" classname="util.unittest.BubbleSortLargeArraysTest" time="0.377"/>
  <testcase name="bubbleSortSortsCorrectly[68]" classname="util.unittest.BubbleSortLargeArraysTest" time="0"/>
  <testcase name="bubbleSortLeavesArraySorted[69]" classname="util.unittest.BubbleSortLargeArraysTest" time="0.337"/>
  <testcase name="bubbleSortSortsCorrectly[69]" classname="util.unittest.BubbleSortLargeArraysTest" time="0"/>
  <testcase name="bubbleSortLeavesArraySorted[70]" classname="util.unittest.BubbleSortLargeArraysTest" time="0.438"/>
  <testcase name="bubbleSortSortsCorrectly[70]" classname="util.unittest.BubbleSortLargeArraysTest" time="0"/>
  <testcase name="bubbleSortLeavesArraySorted[71]" classname="util.unittest.BubbleSortLargeArraysTest" time="0.249"/>
  <testcase name="bubbleSortSortsCorrectly[71]" classname="util.unittest.BubbleSortLargeArraysTest" time="0"/>
  <testcase name="bubbleSortLeavesArraySorted[72]" classname="util.unittest.BubbleSortLargeArraysTest" time="0.238"/>
  <testcase name="bubbleSortSortsCorrectly[72]" classname="util.unittest.BubbleSortLargeArraysTest" time="0"/>
  <testcase name="bubbleSortLeavesArraySorted[73]" classname="util.unittest.BubbleSortLargeArraysTest" time="0.291"/>
  <testcase name="bubbleSortSortsCorrectly[73]" classname="util.unittest.BubbleSortLargeArraysTest" time="0"/>
  <testcase name="bubbleSortLeavesArraySorted[74]" classname="util.unittest.BubbleSortLargeArraysTest" time="0.256"/>
  <testcase name="bubbleSortSortsCorrectly[74]" classname="util.unittest.BubbleSortLargeArraysTest" time="0"/>
  <testcase name="bubbleSortLeavesArraySorted[75]" classname="util.unittest.BubbleSortLargeArraysTest" time="0.274"/>
  <testcase name="bubbleSortSortsCorrectly[75]" classname="util.unittest.BubbleSortLargeArraysTest" time="0"/>
  <testcase name="bubbleSortLeavesArraySorted[76]" classname="util.unittest.BubbleSortLargeArraysTest" time="0.294"/>
  <testcase name="bubbleSortSortsCorrectly[76]" classname="util.unittest.BubbleSortLargeArraysTest" time="0"/>
  <testcase name="bubbleSortLeavesArraySorted[77]" classname="util.unittest.BubbleSortLargeArraysTest" time="0.285"/>
  <testcase name="bubbleSortSortsCorrectly[77]" classname="util.unittest.BubbleSortLargeArraysTest" time="0.001"/>
  <testcase name="bubbleSortLeavesArraySorted[78]" classname="util.unittest.BubbleSortLargeArraysTest" time="0.292"/>
  <testcase name="bubbleSortSortsCorrectly[78]" classname="util.unittest.BubbleSortLargeArraysTest" time="0.001"/>
  <testcase name="bubbleSortLeavesArraySorted[79]" classname="util.unittest.BubbleSortLargeArraysTest" time="0.383"/>
  <testcase name="bubbleSortSortsCorrectly[79]" classname="util.unittest.BubbleSortLargeArraysTest" time="0"/>
  <testcase name="bubbleSortLeavesArraySorted[80]" classname="util.unittest.BubbleSortLargeArraysTest" time="0.341"/>
  <testcase name="bubbleSortSortsCorrectly[80]" classname="util.unittest.BubbleSortLargeArraysTest" time="0"/>
  <testcase name="bubbleSortLeavesArraySorted[81]" classname="util.unittest.BubbleSortLargeArraysTest" time="0.307"/>
  <testcase name="bubbleSortSortsCorrectly[81]" classname="util.unittest.BubbleSortLargeArraysTest" time="0.001"/>
  <testcase name="bubbleSortLeavesArraySorted[82]" classname="util.unittest.BubbleSortLargeArraysTest" time="0.381"/>
  <testcase name="bubbleSortSortsCorrectly[82]" classname="util.unittest.BubbleSortLargeArraysTest" time="0"/>
  <testcase name="bubbleSortLeavesArraySorted[83]" classname="util.unittest.BubbleSortLargeArraysTest" time="0.491"/>
  <testcase name="bubbleSortSortsCorrectly[83]" classname="util.unittest.BubbleSortLargeArraysTest" time="0"/>
  <testcase name="bubbleSortLeavesArraySorted[84]" classname="util.unittest.BubbleSortLargeArraysTest" time="0.431"/>
  <testcase name="bubbleSortSortsCorrectly[84]" classname="util.unittest.BubbleSortLargeArraysTest" time="0"/>
  <testcase name="bubbleSortLeavesArraySorted[85]" classname="util.unittest.BubbleSortLargeArraysTest" time="0.344"/>
  <testcase name="bubbleSortSortsCorrectly[85]" classname="util.unittest.BubbleSortLargeArraysTest" time="0.001"/>
  <testcase name="bubbleSortLeavesArraySorted[86]" classname="util.unittest.BubbleSortLargeArraysTest" time="0.482"/>
  <testcase name="bubbleSortSortsCorrectly[86]" classname="util.unittest.BubbleSortLargeArraysTest" time="0"/>
  <testcase name="bubbleSortLeavesArraySorted[87]" classname="util.unittest.BubbleSortLargeArraysTest" time="0.542"/>
  <testcase name="bubbleSortSortsCorrectly[87]" classname="util.unittest.BubbleSortLargeArraysTest" time="0.001"/>
  <testcase name="bubbleSortLeavesArraySorted[88]" classname="util.unittest.BubbleSortLargeArraysTest" time="0.64"/>
  <testcase name="bubbleSortSortsCorrectly[88]" classname="util.unittest.BubbleSortLargeArraysTest" time="0"/>
  <testcase name="bubbleSortLeavesArraySorted[89]" classname="util.unittest.BubbleSortLargeArraysTest" time="0.545"/>
  <testcase name="bubbleSortSortsCorrectly[89]" classname="util.unittest.BubbleSortLargeArraysTest" time="0.001"/>
  <testcase name="bubbleSortLeavesArraySorted[90]" classname="util.unittest.BubbleSortLargeArraysTest" time="0.447"/>
  <testcase name="bubbleSortSortsCorrectly[90]" classname="util.unittest.BubbleSortLargeArraysTest" time="0"/>
  <testcase name="bubbleSortLeavesArraySorted[91]" classname="util.unittest.BubbleSortLargeArraysTest" time="0.462"/>
  <testcase name="bubbleSortSortsCorrectly[91]" classname="util.unittest.BubbleSortLargeArraysTest" time="0"/>
  <testcase name="bubbleSortLeavesArraySorted[92]" classname="util.unittest.BubbleSortLargeArraysTest" time="0.398"/>
  <testcase name="bubbleSortSortsCorrectly[92]" classname="util.unittest.BubbleSortLargeArraysTest" time="0"/>
  <testcase name="bubbleSortLeavesArraySorted[93]" classname="util.unittest.BubbleSortLargeArraysTest" time="0.415"/>
  <testcase name="bubbleSortSortsCorrectly[93]" classname="util.unittest.BubbleSortLargeArraysTest" time="0"/>
  <testcase name="bubbleSortLeavesArraySorted[94]" classname="util.unittest.BubbleSortLargeArraysTest" time="0.413"/>
  <testcase name="bubbleSortSortsCorrectly[94]" classname="util.unittest.BubbleSortLargeArraysTest" time="0"/>
  <testcase name="bubbleSortLeavesArraySorted[95]" classname="util.unittest.BubbleSortLargeArraysTest" time="0.422"/>
  <testcase name="bubbleSortSortsCorrectly[95]" classname="util.unittest.BubbleSortLargeArraysTest" time="0.001"/>
  <testcase name="bubbleSortLeavesArraySorted[96]" classname="util.unittest.BubbleSortLargeArraysTest" time="0.455"/>
  <testcase name="bubbleSortSortsCorrectly[96]" classname="util.unittest.BubbleSortLargeArraysTest" time="0"/>
  <testcase name="bubbleSortLeavesArraySorted[97]" classname="util.unittest.BubbleSortLargeArraysTest" time="0.666"/>
  <testcase name="bubbleSortSortsCorrectly[97]" classname="util.unittest.BubbleSortLargeArraysTest" time="0"/>
  <testcase name="bubbleSortLeavesArraySorted[98]" classname="util.unittest.BubbleSortLargeArraysTest" time="0.594"/>
  <testcase name="bubbleSortSortsCorrectly[98]" classname="util.unittest.BubbleSortLargeArraysTest" time="0"/>
  <testcase name="bubbleSortLeavesArraySorted[99]" classname="util.unittest.BubbleSortLargeArraysTest" time="0.55"/>
  <testcase name="bubbleSortSortsCorrectly[99]" classname="util.unittest.BubbleSortLargeArraysTest" time="0"/>
</testsuite>