<?xml version="1.0" encoding="UTF-8"?>
<testsuite xmlns:xsi="http://www.w3.org/2001/XMLSchema-instance" xsi:noNamespaceSchemaLocation="https://maven.apache.org/surefire/maven-surefire-plugin/xsd/surefire-test-report-3.0.xsd" version="3.0" name="util.unittest.BubbleSortSmallArraysTest" time="0.002" tests="12" errors="0" skipped="0" failures="0">
  <properties>
[...]
</properties>
  <testcase name="bubbleSortLeavesArraySorted[0]" classname="util.unittest.BubbleSortSmallArraysTest" time="0"/>
  <testcase name="bubbleSortSortsCorrectly[0]" classname="util.unittest.BubbleSortSmallArraysTest" time="0"/>
  <testcase name="bubbleSortLeavesArraySorted[1]" classname="util.unittest.BubbleSortSmallArraysTest" time="0"/>
  <testcase name="bubbleSortSortsCorrectly[1]" classname="util.unittest.BubbleSortSmallArraysTest" time="0"/>
  <testcase name="bubbleSortLeavesArraySorted[2]" classname="util.unittest.BubbleSortSmallArraysTest" time="0"/>
  <testcase name="bubbleSortSortsCorrectly[2]" classname="util.unittest.BubbleSortSmallArraysTest" time="0"/>
  <testcase name="bubbleSortLeavesArraySorted[3]" classname="util.unittest.BubbleSortSmallArraysTest" time="0"/>
  <testcase name="bubbleSortSortsCorrectly[3]" classname="util.unittest.BubbleSortSmallArraysTest" time="0"/>
  <testcase name="bubbleSortLeavesArraySorted[4]" classname="util.unittest.BubbleSortSmallArraysTest" time="0"/>
  <testcase name="bubbleSortSortsCorrectly[4]" classname="util.unittest.BubbleSortSmallArraysTest" time="0"/>
  <testcase name="bubbleSortLeavesArraySorted[5]" classname="util.unittest.BubbleSortSmallArraysTest" time="0"/>
  <testcase name="bubbleSortSortsCorrectly[5]" classname="util.unittest.BubbleSortSmallArraysTest" time="0"/>
</testsuite>