<?xml version="1.0" encoding="UTF-8"?>
<testsuite xmlns:xsi="http://www.w3.org/2001/XMLSchema-instance" xsi:noNamespaceSchemaLocation="https://maven.apache.org/surefire/maven-surefire-plugin/xsd/surefire-test-report-3.0.xsd" version="3.0" name="util.math.unittests.GreatestCommonDivisorTest" time="0.468" tests="24" errors="2" skipped="0" failures="0">
  <properties>
[...]
</properties>
  <testcase name="testIllegalArgumentException[0]" classname="util.math.unittests.GreatestCommonDivisorTest" time="0.013"/>
  <testcase name="test[0]" classname="util.math.unittests.GreatestCommonDivisorTest" time="0"/>
  <testcase name="testIllegalArgumentException2[0]" classname="util.math.unittests.GreatestCommonDivisorTest" time="0"/>
  <testcase name="testIllegalArgumentException[1]" classname="util.math.unittests.GreatestCommonDivisorTest" time="0.001"/>
  <testcase name="test[1]" classname="util.math.unittests.GreatestCommonDivisorTest" time="0"/>
  <testcase name="testIllegalArgumentException2[1]" classname="util.math.unittests.GreatestCommonDivisorTest" time="0"/>
  <testcase name="testIllegalArgumentException[2]" classname="util.math.unittests.GreatestCommonDivisorTest" time="0.001"/>
  <testcase name="test[2]" classname="util.math.unittests.GreatestCommonDivisorTest" time="0"/>
  <testcase name="testIllegalArgumentException2[2]" classname="util.math.unittests.GreatestCommonDivisorTest" time="0.001"/>
  <testcase name="testIllegalArgumentException[3]" classname="util.math.unittests.GreatestCommonDivisorTest" time="0"/>
  <testcase name="test[3]" classname="util.math.unittests.GreatestCommonDivisorTest" time="0"/>
  <testcase name="testIllegalArgumentException2[3]" classname="util.math.unittests.GreatestCommonDivisorTest" time="0.001"/>
  <testcase name="testIllegalArgumentException[4]" classname="util.math.unittests.GreatestCommonDivisorTest" time="0.001"/>
  <testcase name="test[4]" classname="util.math.unittests.GreatestCommonDivisorTest" time="0.008">
    <error message="/ by zero" type="java.lang.ArithmeticException"><![CDATA[java.lang.ArithmeticException: / by zero
	at util.math.GreatestCommonDivisor.definitionBasedAlgorithm(GreatestCommonDivisor.java:40)
	at util.math.unittests.GreatestCommonDivisorTest.test(GreatestCommonDivisorTest.java:71)
	at java.base/jdk.internal.reflect.DirectMethodHandleAccessor.invoke(DirectMethodHandleAccessor.java:104)
	at java.base/java.lang.reflect.Method.invoke(Method.java:578)
	at org.junit.runners.model.FrameworkMethod$1.runReflectiveCall(FrameworkMethod.java:59)
	at org.junit.internal.runners.model.ReflectiveCallable.run(ReflectiveCallable.java:12)
	at org.junit.runners.model.FrameworkMethod.invokeExplosively(FrameworkMethod.java:56)
	at org.junit.internal.runners.statements.InvokeMethod.evaluate(InvokeMethod.java:17)
	at org.junit.runners.ParentRunner$3.evaluate(ParentRunner.java:306)
	at org.junit.runners.BlockJUnit4ClassRunner$1.evaluate(BlockJUnit4ClassRunner.java:100)
	at org.junit.runners.ParentRunner.runLeaf(ParentRunner.java:366)
	at org.junit.runners.BlockJUnit4ClassRunner.runChild(BlockJUnit4ClassRunner.java:103)
	at org.junit.runners.BlockJUnit4ClassRunner.runChild(BlockJUnit4ClassRunner.java:63)
	at org.junit.runners.ParentRunner$4.run(ParentRunner.java:331)
	at org.junit.runners.ParentRunner$1.schedule(ParentRunner.java:79)
	at org.junit.runners.ParentRunner.runChildren(ParentRunner.java:329)
	at org.junit.runners.ParentRunner.access$100(ParentRunner.java:66)
	at org.junit.runners.ParentRunner$2.evaluate(ParentRunner.java:293)
	at org.junit.runners.ParentRunner.run(ParentRunner.java:413)
	at org.junit.runners.Suite.runChild(Suite.java:128)
	at org.junit.runners.Suite.runChild(Suite.java:27)
	at org.junit.runners.ParentRunner$4.run(ParentRunner.java:331)
	at org.junit.runners.ParentRunner$1.schedule(ParentRunner.java:79)
	at org.junit.runners.ParentRunner.runChildren(ParentRunner.java:329)
	at org.junit.runners.ParentRunner.access$100(ParentRunner.java:66)
	at org.junit.runners.ParentRunner$2.evaluate(ParentRunner.java:293)
	at org.junit.runners.ParentRunner$3.evaluate(ParentRunner.java:306)
	at org.junit.runners.ParentRunner.run(ParentRunner.java:413)
	at org.apache.maven.surefire.junit4.JUnit4Provider.execute(JUnit4Provider.java:377)
	at org.apache.maven.surefire.junit4.JUnit4Provider.executeWithRerun(JUnit4Provider.java:284)
	at org.apache.maven.surefire.junit4.JUnit4Provider.executeTestSet(JUnit4Provider.java:248)
	at org.apache.maven.surefire.junit4.JUnit4Provider.invoke(JUnit4Provider.java:167)
	at org.apache.maven.surefire.booter.ForkedBooter.runSuitesInProcess(ForkedBooter.java:456)
	at org.apache.maven.surefire.booter.ForkedBooter.execute(ForkedBooter.java:169)
	at org.apache.maven.surefire.booter.ForkedBooter.run(ForkedBooter.java:595)
	at org.apache.maven.surefire.booter.ForkedBooter.main(ForkedBooter.java:581)
]]></error>
  </testcase>
  <testcase name="testIllegalArgumentException2[4]" classname="util.math.unittests.GreatestCommonDivisorTest" time="0.001"/>
  <testcase name="testIllegalArgumentException[5]" classname="util.math.unittests.GreatestCommonDivisorTest" time="0"/>
  <testcase name="test[5]" classname="util.math.unittests.GreatestCommonDivisorTest" time="0.001">
    <error message="/ by zero" type="java.lang.ArithmeticException"><![CDATA[java.lang.ArithmeticException: / by zero
	at util.math.GreatestCommonDivisor.definitionBasedAlgorithm(GreatestCommonDivisor.java:40)
	at util.math.unittests.GreatestCommonDivisorTest.test(GreatestCommonDivisorTest.java:71)
	at java.base/jdk.internal.reflect.DirectMethodHandleAccessor.invoke(DirectMethodHandleAccessor.java:104)
	at java.base/java.lang.reflect.Method.invoke(Method.java:578)
	at org.junit.runners.model.FrameworkMethod$1.runReflectiveCall(FrameworkMethod.java:59)
	at org.junit.internal.runners.model.ReflectiveCallable.run(ReflectiveCallable.java:12)
	at org.junit.runners.model.FrameworkMethod.invokeExplosively(FrameworkMethod.java:56)
	at org.junit.internal.runners.statements.InvokeMethod.evaluate(InvokeMethod.java:17)
	at org.junit.runners.ParentRunner$3.evaluate(ParentRunner.java:306)
	at org.junit.runners.BlockJUnit4ClassRunner$1.evaluate(BlockJUnit4ClassRunner.java:100)
	at org.junit.runners.ParentRunner.runLeaf(ParentRunner.java:366)
	at org.junit.runners.BlockJUnit4ClassRunner.runChild(BlockJUnit4ClassRunner.java:103)
	at org.junit.runners.BlockJUnit4ClassRunner.runChild(BlockJUnit4ClassRunner.java:63)
	at org.junit.runners.ParentRunner$4.run(ParentRunner.java:331)
	at org.junit.runners.ParentRunner$1.schedule(ParentRunner.java:79)
	at org.junit.runners.ParentRunner.runChildren(ParentRunner.java:329)
	at org.junit.runners.ParentRunner.access$100(ParentRunner.java:66)
	at org.junit.runners.ParentRunner$2.evaluate(ParentRunner.java:293)
	at org.junit.runners.ParentRunner.run(ParentRunner.java:413)
	at org.junit.runners.Suite.runChild(Suite.java:128)
	at org.junit.runners.Suite.runChild(Suite.java:27)
	at org.junit.runners.ParentRunner$4.run(ParentRunner.java:331)
	at org.junit.runners.ParentRunner$1.schedule(ParentRunner.java:79)
	at org.junit.runners.ParentRunner.runChildren(ParentRunner.java:329)
	at org.junit.runners.ParentRunner.access$100(ParentRunner.java:66)
	at org.junit.runners.ParentRunner$2.evaluate(ParentRunner.java:293)
	at org.junit.runners.ParentRunner$3.evaluate(ParentRunner.java:306)
	at org.junit.runners.ParentRunner.run(ParentRunner.java:413)
	at org.apache.maven.surefire.junit4.JUnit4Provider.execute(JUnit4Provider.java:377)
	at org.apache.maven.surefire.junit4.JUnit4Provider.executeWithRerun(JUnit4Provider.java:284)
	at org.apache.maven.surefire.junit4.JUnit4Provider.executeTestSet(JUnit4Provider.java:248)
	at org.apache.maven.surefire.junit4.JUnit4Provider.invoke(JUnit4Provider.java:167)
	at org.apache.maven.surefire.booter.ForkedBooter.runSuitesInProcess(ForkedBooter.java:456)
	at org.apache.maven.surefire.booter.ForkedBooter.execute(ForkedBooter.java:169)
	at org.apache.maven.surefire.booter.ForkedBooter.run(ForkedBooter.java:595)
	at org.apache.maven.surefire.booter.ForkedBooter.main(ForkedBooter.java:581)
]]></error>
  </testcase>
  <testcase name="testIllegalArgumentException2[5]" classname="util.math.unittests.GreatestCommonDivisorTest" time="0.001"/>
  <testcase name="testIllegalArgumentException[6]" classname="util.math.unittests.GreatestCommonDivisorTest" time="0"/>
  <testcase name="test[6]" classname="util.math.unittests.GreatestCommonDivisorTest" time="0"/>
  <testcase name="testIllegalArgumentException2[6]" classname="util.math.unittests.GreatestCommonDivisorTest" time="0"/>
  <testcase name="testIllegalArgumentException[7]" classname="util.math.unittests.GreatestCommonDivisorTest" time="0"/>
  <testcase name="test[7]" classname="util.math.unittests.GreatestCommonDivisorTest" time="0.327"/>
  <testcase name="testIllegalArgumentException2[7]" classname="util.math.unittests.GreatestCommonDivisorTest" time="0.001"/>
</testsuite>